2025-10-14T12:16:41.816163197 - Error procesando devolución: Prestamo no encontrado
2025-10-14T12:16:57.615901282 - Error procesando devolución: Cannot invoke "java.sql.Date.toLocalDate()" because the return value of "domain.com.LibroNova.app.Loan.getReturnDate()" is null
2025-10-14T12:17:25.081992815 - Prestamo creado correctamente: Préstamo #3 | Usuario: 1 | Libro: 2 | Estado: ACTIVE | Multa: $0.0
2025-10-14T18:37:35.987576593 - ✅ Préstamo creado correctamente: Préstamo #3 | Usuario: 3 | Libro: 5 | Estado: ACTIVE | Multa: $0.0 | Fecha de préstamo: 2025-10-14 | Fecha de devolución: 2025-10-21
2025-10-14T18:38:19.643517843 - ⚠️ Rollback ejecutado por error en devolución
2025-10-14T18:38:19.644484025 - ❌ Error procesando devolución: Cannot invoke "java.sql.Date.toLocalDate()" because the return value of "com.LibroNova.app.domain.Loan.getReturnDate()" is null
2025-10-14T18:46:46.626247061 - Rollback ejecutado por error en devolución
2025-10-14T18:46:46.627764744 - Error procesando devolución: Cannot invoke "java.sql.Date.toLocalDate()" because the return value of "com.LibroNova.app.domain.Loan.getReturnDate()" is null
2025-10-14T18:55:15.257784245 - Rollback ejecutado por error en devolución
2025-10-14T18:55:15.259317840 - Error procesando devolución: Cannot invoke "java.sql.Date.toLocalDate()" because the return value of "com.LibroNova.app.domain.Loan.getReturnDate()" is null
2025-10-14T19:04:27.799114808 - Rollback ejecutado por error en devolución
2025-10-14T19:04:27.800827224 - Error procesando devolución: Cannot invoke "java.sql.Date.toLocalDate()" because the return value of "com.LibroNova.app.domain.Loan.getReturnDate()" is null
2025-10-14T19:20:28.408370623 - Rollback ejecutado por error en devolución
2025-10-14T19:20:28.410064424 - Error procesando devolución: Préstamo no encontrado
2025-10-14T19:20:41.877363696 - Rollback ejecutado por error en devolución
2025-10-14T19:20:41.877902352 - Error procesando devolución: Cannot invoke "java.sql.Date.toLocalDate()" because the return value of "com.LibroNova.app.domain.Loan.getReturnDate()" is null
2025-10-15T17:41:20.680934873 - Rollback ejecutado por error en devolución
2025-10-15T17:41:20.682875164 - Error procesando devolución: Préstamo no encontrado
2025-10-15T18:01:46.430854562 - Rollback ejecutado por error en devolución
2025-10-15T18:01:46.432452251 - Error procesando devolución: Préstamo no encontrado
2025-10-15T18:02:14.135915603 - Devolución procesada correctamente: Préstamo #3 | Usuario: 3 | Libro: 5 | Estado: RETURNED | Multa: $0.0 | Fecha de préstamo: 2025-10-14 | Fecha de devolución: 2025-10-15
2025-10-15T19:24:51.166118111 - Préstamo creado correctamente: Préstamo #4 | Usuario: 4 | Libro: 5 | Estado: ACTIVE | Multa: $0.0 | Fecha de préstamo: 2025-10-15 | Fecha de devolución: 2025-10-22
2025-10-15T19:26:23.709571402 - Préstamo creado correctamente: Préstamo #5 | Usuario: 3 | Libro: 5 | Estado: ACTIVE | Multa: $0.0 | Fecha de préstamo: 2025-10-15 | Fecha de devolución: 2025-10-22
2025-10-15T19:47:02.110011438 - Rollback ejecutado por error en registro de préstamo
2025-10-15T19:47:02.110597794 - Error registrando préstamo: Error al crear préstamo
2025-10-15T19:47:20.063388517 - Préstamo creado correctamente: Préstamo #7 | Usuario: 3 | Libro: 5 | Estado: ACTIVE | Multa: $0.0 | Fecha de préstamo: 2025-10-15 | Fecha de devolución: 2025-10-22
2025-10-15T19:51:36.895399333 - Devolución procesada correctamente: Préstamo #7 | Usuario: 3 | Libro: 5 | Estado: RETURNED | Multa: $0.0 | Fecha de préstamo: 2025-10-15 | Fecha de devolución: 2025-10-15
2025-10-15T20:37:00.988054281 - Rollback ejecutado por error en registro de préstamo
2025-10-15T20:37:00.989490319 - Error registrando préstamo: Libro no encontrado
2025-10-15T20:37:37.297764363 - Préstamo creado correctamente: Préstamo #8 | Usuario: 5 | Libro: 6 | Estado: ACTIVE | Multa: $0.0 | Fecha de préstamo: 2025-10-15 | Fecha de devolución: 2025-10-22
